app/build/intermediates/manifest_merge_blame_file/release/manifest-merger-blame-release-report.txt
1<?xml version="1.0" encoding="utf-8"?>
2<manifest xmlns:android="http://schemas.android.com/apk/res/android"
3    package="com.kovetstech.candlestickpatterns"
4    android:versionCode="16"
5    android:versionName="1.44" >
6
7    <uses-sdk
8        android:minSdkVersion="28"
8-->src\main\AndroidManifest.xml
9        android:targetSdkVersion="31" />
9-->src\main\AndroidManifest.xml
10
11    <uses-permission android:name="com.google.android.gms.permission.AD_ID" />
11-->src\main\AndroidManifest.xml:35:5-79
11-->src\main\AndroidManifest.xml:35:22-76
12    <uses-permission android:name="android.permission.INTERNET" />
12-->src\main\AndroidManifest.xml:37:5-67
12-->src\main\AndroidManifest.xml:37:22-64
13
14    <!-- Create a unique permission for your app and use it so only your app can receive your OneSignal messages. -->
15    <permission
15-->[com.onesignal:OneSignal:4.8.4] AndroidManifest.xml:7:5-9:47
16        android:name="com.kovetstech.candlestickpatterns.permission.C2D_MESSAGE"
16-->[com.onesignal:OneSignal:4.8.4] AndroidManifest.xml:8:9-63
17        android:protectionLevel="signature" />
17-->[com.onesignal:OneSignal:4.8.4] AndroidManifest.xml:9:9-44
18
19    <uses-permission android:name="com.kovetstech.candlestickpatterns.permission.C2D_MESSAGE" /> <!-- OneSignal SDK has runtime checks Android version. -->
19-->[com.onesignal:OneSignal:4.8.4] AndroidManifest.xml:11:5-79
19-->[com.onesignal:OneSignal:4.8.4] AndroidManifest.xml:11:22-76
20    <!-- <uses-sdk tools:overrideLibrary="android.support.customtabs"/> -->
21    <!-- Required runtime permission to display notifications on Android 13 -->
22    <uses-permission android:name="android.permission.POST_NOTIFICATIONS" /> <!-- c2dm RECEIVE are basic requirements for push messages through Google's FCM -->
22-->[com.onesignal:OneSignal:4.8.4] AndroidManifest.xml:16:5-77
22-->[com.onesignal:OneSignal:4.8.4] AndroidManifest.xml:16:22-74
23    <uses-permission android:name="com.google.android.c2dm.permission.RECEIVE" /> <!-- Required, makes sure notifications are delivered on time. -->
23-->[com.onesignal:OneSignal:4.8.4] AndroidManifest.xml:18:5-82
23-->[com.onesignal:OneSignal:4.8.4] AndroidManifest.xml:18:22-79
24    <uses-permission android:name="android.permission.WAKE_LOCK" />
24-->[com.onesignal:OneSignal:4.8.4] AndroidManifest.xml:19:5-68
24-->[com.onesignal:OneSignal:4.8.4] AndroidManifest.xml:19:22-65
25    <!--
26 Required so the device vibrates on receiving a push notification.
27         Vibration settings of the device still apply.
28    -->
29    <uses-permission android:name="android.permission.VIBRATE" />
29-->[com.onesignal:OneSignal:4.8.4] AndroidManifest.xml:24:5-66
29-->[com.onesignal:OneSignal:4.8.4] AndroidManifest.xml:24:22-63
30    <uses-permission android:name="android.permission.ACCESS_NETWORK_STATE" />
30-->[com.onesignal:OneSignal:4.8.4] AndroidManifest.xml:25:5-79
30-->[com.onesignal:OneSignal:4.8.4] AndroidManifest.xml:25:22-76
31    <!--
32 Use to restore notifications the user hasn't interacted with.
33         They could be missed notifications if the user reboots their device if this isn't in place.
34    -->
35    <uses-permission android:name="android.permission.RECEIVE_BOOT_COMPLETED" /> <!-- START: ShortcutBadger -->
35-->[com.onesignal:OneSignal:4.8.4] AndroidManifest.xml:30:5-81
35-->[com.onesignal:OneSignal:4.8.4] AndroidManifest.xml:30:22-78
36    <!-- Samsung -->
37    <uses-permission android:name="com.sec.android.provider.badge.permission.READ" />
37-->[com.onesignal:OneSignal:4.8.4] AndroidManifest.xml:32:5-86
37-->[com.onesignal:OneSignal:4.8.4] AndroidManifest.xml:32:22-83
38    <uses-permission android:name="com.sec.android.provider.badge.permission.WRITE" /> <!-- HTC -->
38-->[com.onesignal:OneSignal:4.8.4] AndroidManifest.xml:33:5-87
38-->[com.onesignal:OneSignal:4.8.4] AndroidManifest.xml:33:22-84
39    <uses-permission android:name="com.htc.launcher.permission.READ_SETTINGS" />
39-->[com.onesignal:OneSignal:4.8.4] AndroidManifest.xml:34:5-81
39-->[com.onesignal:OneSignal:4.8.4] AndroidManifest.xml:34:22-78
40    <uses-permission android:name="com.htc.launcher.permission.UPDATE_SHORTCUT" /> <!-- Sony -->
40-->[com.onesignal:OneSignal:4.8.4] AndroidManifest.xml:35:5-83
40-->[com.onesignal:OneSignal:4.8.4] AndroidManifest.xml:35:22-80
41    <uses-permission android:name="com.sonyericsson.home.permission.BROADCAST_BADGE" />
41-->[com.onesignal:OneSignal:4.8.4] AndroidManifest.xml:36:5-88
41-->[com.onesignal:OneSignal:4.8.4] AndroidManifest.xml:36:22-85
42    <uses-permission android:name="com.sonymobile.home.permission.PROVIDER_INSERT_BADGE" /> <!-- Apex -->
42-->[com.onesignal:OneSignal:4.8.4] AndroidManifest.xml:37:5-92
42-->[com.onesignal:OneSignal:4.8.4] AndroidManifest.xml:37:22-89
43    <uses-permission android:name="com.anddoes.launcher.permission.UPDATE_COUNT" /> <!-- Solid -->
43-->[com.onesignal:OneSignal:4.8.4] AndroidManifest.xml:38:5-84
43-->[com.onesignal:OneSignal:4.8.4] AndroidManifest.xml:38:22-81
44    <uses-permission android:name="com.majeur.launcher.permission.UPDATE_BADGE" /> <!-- Huawei -->
44-->[com.onesignal:OneSignal:4.8.4] AndroidManifest.xml:39:5-83
44-->[com.onesignal:OneSignal:4.8.4] AndroidManifest.xml:39:22-80
45    <uses-permission android:name="com.huawei.android.launcher.permission.CHANGE_BADGE" />
45-->[com.onesignal:OneSignal:4.8.4] AndroidManifest.xml:40:5-91
45-->[com.onesignal:OneSignal:4.8.4] AndroidManifest.xml:40:22-88
46    <uses-permission android:name="com.huawei.android.launcher.permission.READ_SETTINGS" />
46-->[com.onesignal:OneSignal:4.8.4] AndroidManifest.xml:41:5-92
46-->[com.onesignal:OneSignal:4.8.4] AndroidManifest.xml:41:22-89
47    <uses-permission android:name="com.huawei.android.launcher.permission.WRITE_SETTINGS" /> <!-- ZUK -->
47-->[com.onesignal:OneSignal:4.8.4] AndroidManifest.xml:42:5-93
47-->[com.onesignal:OneSignal:4.8.4] AndroidManifest.xml:42:22-90
48    <uses-permission android:name="android.permission.READ_APP_BADGE" /> <!-- OPPO -->
48-->[com.onesignal:OneSignal:4.8.4] AndroidManifest.xml:43:5-73
48-->[com.onesignal:OneSignal:4.8.4] AndroidManifest.xml:43:22-70
49    <uses-permission android:name="com.oppo.launcher.permission.READ_SETTINGS" />
49-->[com.onesignal:OneSignal:4.8.4] AndroidManifest.xml:44:5-82
49-->[com.onesignal:OneSignal:4.8.4] AndroidManifest.xml:44:22-79
50    <uses-permission android:name="com.oppo.launcher.permission.WRITE_SETTINGS" /> <!-- EvMe -->
50-->[com.onesignal:OneSignal:4.8.4] AndroidManifest.xml:45:5-83
50-->[com.onesignal:OneSignal:4.8.4] AndroidManifest.xml:45:22-80
51    <uses-permission android:name="me.everything.badger.permission.BADGE_COUNT_READ" />
51-->[com.onesignal:OneSignal:4.8.4] AndroidManifest.xml:46:5-88
51-->[com.onesignal:OneSignal:4.8.4] AndroidManifest.xml:46:22-85
52    <uses-permission android:name="me.everything.badger.permission.BADGE_COUNT_WRITE" /> <!-- Android package visibility setting -->
52-->[com.onesignal:OneSignal:4.8.4] AndroidManifest.xml:47:5-89
52-->[com.onesignal:OneSignal:4.8.4] AndroidManifest.xml:47:22-86
53    <queries>
53-->[com.google.android.gms:play-services-ads-lite:21.3.0] AndroidManifest.xml:28:5-44:15
54
55        <!-- For browser content -->
56        <intent>
56-->[com.google.android.gms:play-services-ads-lite:21.3.0] AndroidManifest.xml:31:9-37:18
57            <action android:name="android.intent.action.VIEW" />
57-->[com.onesignal:OneSignal:4.8.4] AndroidManifest.xml:77:17-69
57-->[com.onesignal:OneSignal:4.8.4] AndroidManifest.xml:77:25-66
58
59            <category android:name="android.intent.category.BROWSABLE" />
59-->[com.google.android.gms:play-services-ads-lite:21.3.0] AndroidManifest.xml:34:13-74
59-->[com.google.android.gms:play-services-ads-lite:21.3.0] AndroidManifest.xml:34:23-71
60
61            <data android:scheme="https" />
61-->[com.google.android.gms:play-services-ads-lite:21.3.0] AndroidManifest.xml:36:13-44
61-->[com.google.android.gms:play-services-ads-lite:21.3.0] AndroidManifest.xml:36:19-41
62        </intent>
63        <!-- End of browser content -->
64        <!-- For CustomTabsService -->
65        <intent>
65-->[com.google.android.gms:play-services-ads-lite:21.3.0] AndroidManifest.xml:40:9-42:18
66            <action android:name="android.support.customtabs.action.CustomTabsService" />
66-->[com.google.android.gms:play-services-ads-lite:21.3.0] AndroidManifest.xml:41:13-90
66-->[com.google.android.gms:play-services-ads-lite:21.3.0] AndroidManifest.xml:41:21-87
67        </intent>
68        <!-- End of CustomTabsService -->
69    </queries>
70
71    <uses-permission android:name="com.google.android.finsky.permission.BIND_GET_INSTALL_REFERRER_SERVICE" />
71-->[com.google.android.gms:play-services-measurement:21.2.0] AndroidManifest.xml:26:5-110
71-->[com.google.android.gms:play-services-measurement:21.2.0] AndroidManifest.xml:26:22-107
72    <uses-permission android:name="android.permission.FOREGROUND_SERVICE" />
72-->[androidx.work:work-runtime:2.7.0] AndroidManifest.xml:28:5-77
72-->[androidx.work:work-runtime:2.7.0] AndroidManifest.xml:28:22-74
73
74    <application
74-->src\main\AndroidManifest.xml:4:5-34:19
75        android:allowBackup="true"
75-->src\main\AndroidManifest.xml:5:9-35
76        android:appComponentFactory="androidx.core.app.CoreComponentFactory"
76-->[androidx.core:core:1.8.0] AndroidManifest.xml:24:18-86
77        android:extractNativeLibs="false"
78        android:icon="@mipmap/ic_launcher"
78-->src\main\AndroidManifest.xml:6:9-43
79        android:label="@string/app_name"
79-->src\main\AndroidManifest.xml:7:9-41
80        android:roundIcon="@mipmap/ic_launcher_round"
80-->src\main\AndroidManifest.xml:8:9-54
81        android:supportsRtl="true"
81-->src\main\AndroidManifest.xml:9:9-35
82        android:theme="@style/Theme.CandlestickPatterns" >
82-->src\main\AndroidManifest.xml:10:9-57
83        <activity
83-->src\main\AndroidManifest.xml:11:9-17:20
84            android:name="com.kovetstech.candlestickpatterns.sub_settings_activity"
84-->src\main\AndroidManifest.xml:12:13-50
85            android:exported="false" >
85-->src\main\AndroidManifest.xml:13:13-37
86            <meta-data
86-->src\main\AndroidManifest.xml:14:13-16:36
87                android:name="android.app.lib_name"
87-->src\main\AndroidManifest.xml:15:17-52
88                android:value="" />
88-->src\main\AndroidManifest.xml:16:17-33
89        </activity>
90        <activity
90-->src\main\AndroidManifest.xml:19:9-29:20
91            android:name="com.kovetstech.candlestickpatterns.MainActivity"
91-->src\main\AndroidManifest.xml:20:13-41
92            android:configChanges="uiMode"
92-->src\main\AndroidManifest.xml:21:13-43
93            android:exported="true"
93-->src\main\AndroidManifest.xml:22:13-36
94            android:label="@string/app_name" >
94-->src\main\AndroidManifest.xml:23:13-45
95            <intent-filter>
95-->src\main\AndroidManifest.xml:24:13-28:29
96                <action android:name="android.intent.action.MAIN" />
96-->src\main\AndroidManifest.xml:25:17-69
96-->src\main\AndroidManifest.xml:25:25-66
97
98                <category android:name="android.intent.category.LAUNCHER" />
98-->src\main\AndroidManifest.xml:27:17-77
98-->src\main\AndroidManifest.xml:27:27-74
99            </intent-filter>
100        </activity>
101
102        <meta-data
102-->src\main\AndroidManifest.xml:31:9-33:70
103            android:name="com.google.android.gms.ads.APPLICATION_ID"
103-->src\main\AndroidManifest.xml:32:13-69
104            android:value="ca-app-pub-1929848249759273~3884663942" />
104-->src\main\AndroidManifest.xml:33:13-67
105
106        <service
106-->[com.google.firebase:firebase-crashlytics:18.3.3] AndroidManifest.xml:14:9-20:19
107            android:name="com.google.firebase.components.ComponentDiscoveryService"
107-->[com.google.firebase:firebase-crashlytics:18.3.3] AndroidManifest.xml:15:13-84
108            android:directBootAware="true"
108-->[com.google.firebase:firebase-common:20.3.0] AndroidManifest.xml:34:13-43
109            android:exported="false" >
109-->[com.google.firebase:firebase-crashlytics:18.3.3] AndroidManifest.xml:16:13-37
110            <meta-data
110-->[com.google.firebase:firebase-crashlytics:18.3.3] AndroidManifest.xml:17:13-19:85
111                android:name="com.google.firebase.components:com.google.firebase.crashlytics.CrashlyticsRegistrar"
111-->[com.google.firebase:firebase-crashlytics:18.3.3] AndroidManifest.xml:18:17-115
112                android:value="com.google.firebase.components.ComponentRegistrar" />
112-->[com.google.firebase:firebase-crashlytics:18.3.3] AndroidManifest.xml:19:17-82
113            <meta-data
113-->[com.google.firebase:firebase-messaging:23.1.1] AndroidManifest.xml:55:13-57:85
114                android:name="com.google.firebase.components:com.google.firebase.messaging.FirebaseMessagingRegistrar"
114-->[com.google.firebase:firebase-messaging:23.1.1] AndroidManifest.xml:56:17-119
115                android:value="com.google.firebase.components.ComponentRegistrar" />
115-->[com.google.firebase:firebase-messaging:23.1.1] AndroidManifest.xml:57:17-82
116            <meta-data
116-->[com.google.firebase:firebase-datatransport:18.1.7] AndroidManifest.xml:27:13-29:85
117                android:name="com.google.firebase.components:com.google.firebase.datatransport.TransportRegistrar"
117-->[com.google.firebase:firebase-datatransport:18.1.7] AndroidManifest.xml:28:17-115
118                android:value="com.google.firebase.components.ComponentRegistrar" />
118-->[com.google.firebase:firebase-datatransport:18.1.7] AndroidManifest.xml:29:17-82
119            <meta-data
119-->[com.google.android.gms:play-services-measurement-api:21.2.0] AndroidManifest.xml:31:13-33:85
120                android:name="com.google.firebase.components:com.google.firebase.analytics.connector.internal.AnalyticsConnectorRegistrar"
120-->[com.google.android.gms:play-services-measurement-api:21.2.0] AndroidManifest.xml:32:17-139
121                android:value="com.google.firebase.components.ComponentRegistrar" />
121-->[com.google.android.gms:play-services-measurement-api:21.2.0] AndroidManifest.xml:33:17-82
122            <meta-data
122-->[com.google.firebase:firebase-installations:17.1.0] AndroidManifest.xml:17:13-19:85
123                android:name="com.google.firebase.components:com.google.firebase.installations.FirebaseInstallationsRegistrar"
123-->[com.google.firebase:firebase-installations:17.1.0] AndroidManifest.xml:18:17-127
124                android:value="com.google.firebase.components.ComponentRegistrar" />
124-->[com.google.firebase:firebase-installations:17.1.0] AndroidManifest.xml:19:17-82
125        </service>
126
127        <receiver
127-->[com.onesignal:OneSignal:4.8.4] AndroidManifest.xml:50:9-61:20
128            android:name="com.onesignal.FCMBroadcastReceiver"
128-->[com.onesignal:OneSignal:4.8.4] AndroidManifest.xml:51:13-62
129            android:exported="true"
129-->[com.onesignal:OneSignal:4.8.4] AndroidManifest.xml:52:13-36
130            android:permission="com.google.android.c2dm.permission.SEND" >
130-->[com.onesignal:OneSignal:4.8.4] AndroidManifest.xml:53:13-73
131
132            <!-- High priority so OneSignal payloads can be filtered from other FCM receivers -->
133            <intent-filter android:priority="999" >
133-->[com.onesignal:OneSignal:4.8.4] AndroidManifest.xml:56:13-60:29
133-->[com.onesignal:OneSignal:4.8.4] AndroidManifest.xml:56:28-50
134                <action android:name="com.google.android.c2dm.intent.RECEIVE" />
134-->[com.onesignal:OneSignal:4.8.4] AndroidManifest.xml:57:17-81
134-->[com.onesignal:OneSignal:4.8.4] AndroidManifest.xml:57:25-78
135
136                <category android:name="com.kovetstech.candlestickpatterns" />
136-->[com.onesignal:OneSignal:4.8.4] AndroidManifest.xml:59:17-61
136-->[com.onesignal:OneSignal:4.8.4] AndroidManifest.xml:59:27-58
137            </intent-filter>
138        </receiver>
139
140        <service
140-->[com.onesignal:OneSignal:4.8.4] AndroidManifest.xml:63:9-69:19
141            android:name="com.onesignal.HmsMessageServiceOneSignal"
141-->[com.onesignal:OneSignal:4.8.4] AndroidManifest.xml:64:13-68
142            android:exported="false" >
142-->[com.onesignal:OneSignal:4.8.4] AndroidManifest.xml:65:13-37
143            <intent-filter>
143-->[com.onesignal:OneSignal:4.8.4] AndroidManifest.xml:66:13-68:29
144                <action android:name="com.huawei.push.action.MESSAGING_EVENT" />
144-->[com.onesignal:OneSignal:4.8.4] AndroidManifest.xml:67:17-81
144-->[com.onesignal:OneSignal:4.8.4] AndroidManifest.xml:67:25-78
145            </intent-filter>
146        </service>
147
148        <activity
148-->[com.onesignal:OneSignal:4.8.4] AndroidManifest.xml:71:9-79:20
149            android:name="com.onesignal.NotificationOpenedActivityHMS"
149-->[com.onesignal:OneSignal:4.8.4] AndroidManifest.xml:72:13-71
150            android:exported="true"
150-->[com.onesignal:OneSignal:4.8.4] AndroidManifest.xml:73:13-36
151            android:noHistory="true"
151-->[com.onesignal:OneSignal:4.8.4] AndroidManifest.xml:74:13-37
152            android:theme="@android:style/Theme.Translucent.NoTitleBar" >
152-->[com.onesignal:OneSignal:4.8.4] AndroidManifest.xml:75:13-72
153            <intent-filter>
153-->[com.onesignal:OneSignal:4.8.4] AndroidManifest.xml:76:13-78:29
154                <action android:name="android.intent.action.VIEW" />
154-->[com.onesignal:OneSignal:4.8.4] AndroidManifest.xml:77:17-69
154-->[com.onesignal:OneSignal:4.8.4] AndroidManifest.xml:77:25-66
155            </intent-filter>
156        </activity>
157
158        <service
158-->[com.onesignal:OneSignal:4.8.4] AndroidManifest.xml:81:9-83:40
159            android:name="com.onesignal.FCMIntentService"
159-->[com.onesignal:OneSignal:4.8.4] AndroidManifest.xml:82:13-58
160            android:exported="false" />
160-->[com.onesignal:OneSignal:4.8.4] AndroidManifest.xml:83:13-37
161        <service
161-->[com.onesignal:OneSignal:4.8.4] AndroidManifest.xml:84:9-87:72
162            android:name="com.onesignal.FCMIntentJobService"
162-->[com.onesignal:OneSignal:4.8.4] AndroidManifest.xml:85:13-61
163            android:exported="false"
163-->[com.onesignal:OneSignal:4.8.4] AndroidManifest.xml:86:13-37
164            android:permission="android.permission.BIND_JOB_SERVICE" />
164-->[com.onesignal:OneSignal:4.8.4] AndroidManifest.xml:87:13-69
165        <service
165-->[com.onesignal:OneSignal:4.8.4] AndroidManifest.xml:88:9-91:43
166            android:name="com.onesignal.SyncService"
166-->[com.onesignal:OneSignal:4.8.4] AndroidManifest.xml:89:13-53
167            android:exported="false"
167-->[com.onesignal:OneSignal:4.8.4] AndroidManifest.xml:90:13-37
168            android:stopWithTask="true" />
168-->[com.onesignal:OneSignal:4.8.4] AndroidManifest.xml:91:13-40
169        <service
169-->[com.onesignal:OneSignal:4.8.4] AndroidManifest.xml:92:9-95:72
170            android:name="com.onesignal.SyncJobService"
170-->[com.onesignal:OneSignal:4.8.4] AndroidManifest.xml:93:13-56
171            android:exported="false"
171-->[com.onesignal:OneSignal:4.8.4] AndroidManifest.xml:94:13-37
172            android:permission="android.permission.BIND_JOB_SERVICE" />
172-->[com.onesignal:OneSignal:4.8.4] AndroidManifest.xml:95:13-69
173
174        <activity
174-->[com.onesignal:OneSignal:4.8.4] AndroidManifest.xml:97:9-100:75
175            android:name="com.onesignal.PermissionsActivity"
175-->[com.onesignal:OneSignal:4.8.4] AndroidManifest.xml:98:13-61
176            android:exported="false"
176-->[com.onesignal:OneSignal:4.8.4] AndroidManifest.xml:99:13-37
177            android:theme="@android:style/Theme.Translucent.NoTitleBar" />
177-->[com.onesignal:OneSignal:4.8.4] AndroidManifest.xml:100:13-72
178
179        <receiver
179-->[com.onesignal:OneSignal:4.8.4] AndroidManifest.xml:102:9-104:39
180            android:name="com.onesignal.NotificationDismissReceiver"
180-->[com.onesignal:OneSignal:4.8.4] AndroidManifest.xml:103:13-69
181            android:exported="true" />
181-->[com.onesignal:OneSignal:4.8.4] AndroidManifest.xml:104:13-36
182        <receiver
182-->[com.onesignal:OneSignal:4.8.4] AndroidManifest.xml:105:9-112:20
183            android:name="com.onesignal.BootUpReceiver"
183-->[com.onesignal:OneSignal:4.8.4] AndroidManifest.xml:106:13-56
184            android:exported="true" >
184-->[com.onesignal:OneSignal:4.8.4] AndroidManifest.xml:107:13-36
185            <intent-filter>
185-->[com.onesignal:OneSignal:4.8.4] AndroidManifest.xml:108:13-111:29
186                <action android:name="android.intent.action.BOOT_COMPLETED" />
186-->[com.onesignal:OneSignal:4.8.4] AndroidManifest.xml:109:17-79
186-->[com.onesignal:OneSignal:4.8.4] AndroidManifest.xml:109:25-76
187                <action android:name="android.intent.action.QUICKBOOT_POWERON" />
187-->[com.onesignal:OneSignal:4.8.4] AndroidManifest.xml:110:17-82
187-->[com.onesignal:OneSignal:4.8.4] AndroidManifest.xml:110:25-79
188            </intent-filter>
189        </receiver>
190        <receiver
190-->[com.onesignal:OneSignal:4.8.4] AndroidManifest.xml:113:9-119:20
191            android:name="com.onesignal.UpgradeReceiver"
191-->[com.onesignal:OneSignal:4.8.4] AndroidManifest.xml:114:13-57
192            android:exported="true" >
192-->[com.onesignal:OneSignal:4.8.4] AndroidManifest.xml:115:13-36
193            <intent-filter>
193-->[com.onesignal:OneSignal:4.8.4] AndroidManifest.xml:116:13-118:29
194                <action android:name="android.intent.action.MY_PACKAGE_REPLACED" />
194-->[com.onesignal:OneSignal:4.8.4] AndroidManifest.xml:117:17-84
194-->[com.onesignal:OneSignal:4.8.4] AndroidManifest.xml:117:25-81
195            </intent-filter>
196        </receiver>
197
198        <activity
198-->[com.onesignal:OneSignal:4.8.4] AndroidManifest.xml:121:9-127:75
199            android:name="com.onesignal.NotificationOpenedReceiver"
199-->[com.onesignal:OneSignal:4.8.4] AndroidManifest.xml:122:13-68
200            android:excludeFromRecents="true"
200-->[com.onesignal:OneSignal:4.8.4] AndroidManifest.xml:123:13-46
201            android:exported="true"
201-->[com.onesignal:OneSignal:4.8.4] AndroidManifest.xml:124:13-36
202            android:noHistory="true"
202-->[com.onesignal:OneSignal:4.8.4] AndroidManifest.xml:125:13-37
203            android:taskAffinity=""
203-->[com.onesignal:OneSignal:4.8.4] AndroidManifest.xml:126:13-36
204            android:theme="@android:style/Theme.Translucent.NoTitleBar" />
204-->[com.onesignal:OneSignal:4.8.4] AndroidManifest.xml:127:13-72
205        <activity
205-->[com.onesignal:OneSignal:4.8.4] AndroidManifest.xml:128:9-133:75
206            android:name="com.onesignal.NotificationOpenedReceiverAndroid22AndOlder"
206-->[com.onesignal:OneSignal:4.8.4] AndroidManifest.xml:129:13-85
207            android:excludeFromRecents="true"
207-->[com.onesignal:OneSignal:4.8.4] AndroidManifest.xml:130:13-46
208            android:exported="true"
208-->[com.onesignal:OneSignal:4.8.4] AndroidManifest.xml:131:13-36
209            android:noHistory="true"
209-->[com.onesignal:OneSignal:4.8.4] AndroidManifest.xml:132:13-37
210            android:theme="@android:style/Theme.Translucent.NoTitleBar" />
210-->[com.onesignal:OneSignal:4.8.4] AndroidManifest.xml:133:13-72
211
212        <receiver
212-->[com.google.firebase:firebase-messaging:23.1.1] AndroidManifest.xml:31:9-38:20
213            android:name="com.google.firebase.iid.FirebaseInstanceIdReceiver"
213-->[com.google.firebase:firebase-messaging:23.1.1] AndroidManifest.xml:32:13-78
214            android:exported="true"
214-->[com.google.firebase:firebase-messaging:23.1.1] AndroidManifest.xml:33:13-36
215            android:permission="com.google.android.c2dm.permission.SEND" >
215-->[com.google.firebase:firebase-messaging:23.1.1] AndroidManifest.xml:34:13-73
216            <intent-filter>
216-->[com.google.firebase:firebase-messaging:23.1.1] AndroidManifest.xml:35:13-37:29
217                <action android:name="com.google.android.c2dm.intent.RECEIVE" />
217-->[com.onesignal:OneSignal:4.8.4] AndroidManifest.xml:57:17-81
217-->[com.onesignal:OneSignal:4.8.4] AndroidManifest.xml:57:25-78
218            </intent-filter>
219        </receiver>
220        <!--
221             FirebaseMessagingService performs security checks at runtime,
222             but set to not exported to explicitly avoid allowing another app to call it.
223        -->
224        <service
224-->[com.google.firebase:firebase-messaging:23.1.1] AndroidManifest.xml:44:9-51:19
225            android:name="com.google.firebase.messaging.FirebaseMessagingService"
225-->[com.google.firebase:firebase-messaging:23.1.1] AndroidManifest.xml:45:13-82
226            android:directBootAware="true"
226-->[com.google.firebase:firebase-messaging:23.1.1] AndroidManifest.xml:46:13-43
227            android:exported="false" >
227-->[com.google.firebase:firebase-messaging:23.1.1] AndroidManifest.xml:47:13-37
228            <intent-filter android:priority="-500" >
228-->[com.google.firebase:firebase-messaging:23.1.1] AndroidManifest.xml:48:13-50:29
228-->[com.google.firebase:firebase-messaging:23.1.1] AndroidManifest.xml:48:28-51
229                <action android:name="com.google.firebase.MESSAGING_EVENT" />
229-->[com.google.firebase:firebase-messaging:23.1.1] AndroidManifest.xml:49:17-78
229-->[com.google.firebase:firebase-messaging:23.1.1] AndroidManifest.xml:49:25-75
230            </intent-filter>
231        </service>
232        <service
232-->[com.google.android.datatransport:transport-backend-cct:3.1.8] AndroidManifest.xml:28:9-34:19
233            android:name="com.google.android.datatransport.runtime.backends.TransportBackendDiscovery"
233-->[com.google.android.datatransport:transport-backend-cct:3.1.8] AndroidManifest.xml:29:13-103
234            android:exported="false" >
234-->[com.google.android.datatransport:transport-backend-cct:3.1.8] AndroidManifest.xml:30:13-37
235            <meta-data
235-->[com.google.android.datatransport:transport-backend-cct:3.1.8] AndroidManifest.xml:31:13-33:39
236                android:name="backend:com.google.android.datatransport.cct.CctBackendFactory"
236-->[com.google.android.datatransport:transport-backend-cct:3.1.8] AndroidManifest.xml:32:17-94
237                android:value="cct" />
237-->[com.google.android.datatransport:transport-backend-cct:3.1.8] AndroidManifest.xml:33:17-36
238        </service>
239        <service
239-->[com.google.android.datatransport:transport-runtime:3.1.8] AndroidManifest.xml:26:9-30:19
240            android:name="com.google.android.datatransport.runtime.scheduling.jobscheduling.JobInfoSchedulerService"
240-->[com.google.android.datatransport:transport-runtime:3.1.8] AndroidManifest.xml:27:13-117
241            android:exported="false"
241-->[com.google.android.datatransport:transport-runtime:3.1.8] AndroidManifest.xml:28:13-37
242            android:permission="android.permission.BIND_JOB_SERVICE" >
242-->[com.google.android.datatransport:transport-runtime:3.1.8] AndroidManifest.xml:29:13-69
243        </service>
244
245        <receiver
245-->[com.google.android.datatransport:transport-runtime:3.1.8] AndroidManifest.xml:32:9-34:40
246            android:name="com.google.android.datatransport.runtime.scheduling.jobscheduling.AlarmManagerSchedulerBroadcastReceiver"
246-->[com.google.android.datatransport:transport-runtime:3.1.8] AndroidManifest.xml:33:13-132
247            android:exported="false" />
247-->[com.google.android.datatransport:transport-runtime:3.1.8] AndroidManifest.xml:34:13-37
248
249        <provider
249-->[com.google.firebase:firebase-common:20.3.0] AndroidManifest.xml:25:9-30:39
250            android:name="com.google.firebase.provider.FirebaseInitProvider"
250-->[com.google.firebase:firebase-common:20.3.0] AndroidManifest.xml:26:13-77
251            android:authorities="com.kovetstech.candlestickpatterns.firebaseinitprovider"
251-->[com.google.firebase:firebase-common:20.3.0] AndroidManifest.xml:27:13-72
252            android:directBootAware="true"
252-->[com.google.firebase:firebase-common:20.3.0] AndroidManifest.xml:28:13-43
253            android:exported="false"
253-->[com.google.firebase:firebase-common:20.3.0] AndroidManifest.xml:29:13-37
254            android:initOrder="100" /> <!-- Include the AdActivity and InAppPurchaseActivity configChanges and themes. -->
254-->[com.google.firebase:firebase-common:20.3.0] AndroidManifest.xml:30:13-36
255        <activity
255-->[com.google.android.gms:play-services-ads-lite:21.3.0] AndroidManifest.xml:49:9-53:64
256            android:name="com.google.android.gms.ads.AdActivity"
256-->[com.google.android.gms:play-services-ads-lite:21.3.0] AndroidManifest.xml:50:13-65
257            android:configChanges="keyboard|keyboardHidden|orientation|screenLayout|uiMode|screenSize|smallestScreenSize"
257-->[com.google.android.gms:play-services-ads-lite:21.3.0] AndroidManifest.xml:51:13-122
258            android:exported="false"
258-->[com.google.android.gms:play-services-ads-lite:21.3.0] AndroidManifest.xml:52:13-37
259            android:theme="@android:style/Theme.Translucent" />
259-->[com.google.android.gms:play-services-ads-lite:21.3.0] AndroidManifest.xml:53:13-61
260
261        <provider
261-->[com.google.android.gms:play-services-ads-lite:21.3.0] AndroidManifest.xml:55:9-59:39
262            android:name="com.google.android.gms.ads.MobileAdsInitProvider"
262-->[com.google.android.gms:play-services-ads-lite:21.3.0] AndroidManifest.xml:56:13-76
263            android:authorities="com.kovetstech.candlestickpatterns.mobileadsinitprovider"
263-->[com.google.android.gms:play-services-ads-lite:21.3.0] AndroidManifest.xml:57:13-73
264            android:exported="false"
264-->[com.google.android.gms:play-services-ads-lite:21.3.0] AndroidManifest.xml:58:13-37
265            android:initOrder="100" />